<?xml version="1.0" encoding="UTF-8"?>
<testng-results ignored="0" total="1" passed="1" failed="0" skipped="0">
  <reporter-output>
  </reporter-output>
  <suite started-at="2024-09-23T14:33:20 IST" name="Default suite" finished-at="2024-09-23T14:33:52 IST" duration-ms="31395">
    <groups>
    </groups>
    <test started-at="2024-09-23T14:33:20 IST" name="Default test" finished-at="2024-09-23T14:33:52 IST" duration-ms="31395">
      <class name="gpspacksealdemo.Tests.StandAloneTest">
        <test-method signature="Login()[pri:0, instance:gpspacksealdemo.Tests.StandAloneTest@3b0fe47a]" started-at="2024-09-23T14:33:21 IST" name="Login" finished-at="2024-09-23T14:33:52 IST" duration-ms="31261" status="PASS">
          <reporter-output>
          </reporter-output>
        </test-method> <!-- Login -->
      </class> <!-- gpspacksealdemo.Tests.StandAloneTest -->
    </test> <!-- Default test -->
  </suite> <!-- Default suite -->
</testng-results>
